<?xml version="1.0" encoding="UTF-8"?>
<testng-results ignored="0" total="1" passed="1" failed="0" skipped="0">
  <reporter-output>
    <line>
      <![CDATA[Welcome Purusharth]]>
    </line>
  </reporter-output>
  <suite started-at="2021-02-25T09:22:58Z" name="Default suite" finished-at="2021-02-25T09:22:59Z" duration-ms="132">
    <groups>
    </groups>
    <test started-at="2021-02-25T09:22:58Z" name="Default test" finished-at="2021-02-25T09:22:59Z" duration-ms="132">
      <class name="com.tail.Trail1">
        <test-method signature="test()[pri:0, instance:com.tail.Trail1@1e178745]" started-at="2021-02-25T09:22:59Z" name="test" finished-at="2021-02-25T09:22:59Z" duration-ms="37" status="PASS">
          <reporter-output>
            <line>
              <![CDATA[Welcome Purusharth]]>
            </line>
          </reporter-output>
        </test-method> <!-- test -->
      </class> <!-- com.tail.Trail1 -->
    </test> <!-- Default test -->
  </suite> <!-- Default suite -->
</testng-results>
