<?xml version="1.0" encoding="UTF-8"?>
<testng-results ignored="0" total="1" passed="1" failed="0" skipped="0">
  <reporter-output>
    <line>
      <![CDATA[Welcome Purusharth]]>
    </line>
  </reporter-output>
  <suite started-at="2021-02-25T09:52:52Z" name="Suite" finished-at="2021-02-25T09:52:52Z" duration-ms="128">
    <groups>
    </groups>
    <test started-at="2021-02-25T09:52:52Z" name="Test" finished-at="2021-02-25T09:52:52Z" duration-ms="128">
      <class name="com.tail.Trail1">
        <test-method signature="test()[pri:0, instance:com.tail.Trail1@2b175c00]" started-at="2021-02-25T09:52:52Z" name="test" finished-at="2021-02-25T09:52:52Z" duration-ms="36" status="PASS">
          <reporter-output>
            <line>
              <![CDATA[Welcome Purusharth]]>
            </line>
          </reporter-output>
        </test-method> <!-- test -->
      </class> <!-- com.tail.Trail1 -->
    </test> <!-- Test -->
  </suite> <!-- Suite -->
</testng-results>
